0:0:0:0:0:0:0:1 - - [21/Mar/2021:12:45:53 -0400] "GET / HTTP/1.1" 404 286
0:0:0:0:0:0:0:1 - - [21/Mar/2021:12:45:53 -0400] "GET /favicon.ico HTTP/1.1" 404 124
0:0:0:0:0:0:0:1 - - [21/Mar/2021:12:46:09 -0400] "GET /user HTTP/1.1" 404 286
0:0:0:0:0:0:0:1 - - [21/Mar/2021:12:46:28 -0400] "GET /get-all HTTP/1.1" 404 286
0:0:0:0:0:0:0:1 - - [21/Mar/2021:12:46:54 -0400] "GET /user/get-all HTTP/1.1" 200 16
0:0:0:0:0:0:0:1 - - [21/Mar/2021:12:52:01 -0400] "GET /user/get-all HTTP/1.1" 200 16
0:0:0:0:0:0:0:1 - - [21/Mar/2021:14:56:04 -0400] "GET /swagger-ui HTTP/1.1" 404 286
0:0:0:0:0:0:0:1 - - [21/Mar/2021:14:58:07 -0400] "GET /swagger-ui.html HTTP/1.1" 404 286
0:0:0:0:0:0:0:1 - - [21/Mar/2021:15:05:51 -0400] "GET /swagger-ui.html HTTP/1.1" 404 286
0:0:0:0:0:0:0:1 - - [21/Mar/2021:15:05:52 -0400] "GET /swagger-ui.html HTTP/1.1" 404 286
0:0:0:0:0:0:0:1 - - [21/Mar/2021:15:11:20 -0400] "GET /swagger-ui.html HTTP/1.1" 404 286
0:0:0:0:0:0:0:1 - - [21/Mar/2021:15:24:24 -0400] "GET /swagger-ui.html HTTP/1.1" 404 286
0:0:0:0:0:0:0:1 - - [21/Mar/2021:15:24:25 -0400] "GET /swagger-ui.html HTTP/1.1" 404 286
0:0:0:0:0:0:0:1 - - [21/Mar/2021:15:26:57 -0400] "GET /swagger-ui HTTP/1.1" 404 286
0:0:0:0:0:0:0:1 - - [21/Mar/2021:15:28:58 -0400] "GET /swagger-ui HTTP/1.1" 404 286
0:0:0:0:0:0:0:1 - - [21/Mar/2021:15:29:05 -0400] "GET /swagger-ui.html HTTP/1.1" 404 286
0:0:0:0:0:0:0:1 - - [21/Mar/2021:15:29:13 -0400] "GET /users/swagger-ui.html HTTP/1.1" 404 286
0:0:0:0:0:0:0:1 - - [21/Mar/2021:15:29:19 -0400] "GET /users/ HTTP/1.1" 404 286
0:0:0:0:0:0:0:1 - - [21/Mar/2021:15:29:26 -0400] "GET /users/get_all HTTP/1.1" 404 286
0:0:0:0:0:0:0:1 - - [21/Mar/2021:15:29:33 -0400] "GET /user/get_all HTTP/1.1" 404 286
0:0:0:0:0:0:0:1 - - [21/Mar/2021:15:30:19 -0400] "GET /user/get_all HTTP/1.1" 404 286
0:0:0:0:0:0:0:1 - - [21/Mar/2021:15:30:28 -0400] "GET /user/getAll HTTP/1.1" 404 286
0:0:0:0:0:0:0:1 - - [21/Mar/2021:15:30:36 -0400] "GET /users/getAll HTTP/1.1" 404 286
0:0:0:0:0:0:0:1 - - [21/Mar/2021:15:30:52 -0400] "GET /users/get-all HTTP/1.1" 404 286
0:0:0:0:0:0:0:1 - - [21/Mar/2021:15:30:57 -0400] "GET /user/get-all HTTP/1.1" 200 16
0:0:0:0:0:0:0:1 - - [21/Mar/2021:15:31:09 -0400] "GET /user/swagger-ui.html HTTP/1.1" 404 286
0:0:0:0:0:0:0:1 - - [21/Mar/2021:15:31:16 -0400] "GET /swagger-ui.html HTTP/1.1" 404 286
0:0:0:0:0:0:0:1 - - [21/Mar/2021:15:37:01 -0400] "GET /api-docs HTTP/1.1" 404 286
0:0:0:0:0:0:0:1 - - [21/Mar/2021:15:37:30 -0400] "GET /api/v1/api-docs HTTP/1.1" 404 286
0:0:0:0:0:0:0:1 - - [21/Mar/2021:15:37:35 -0400] "GET /api/api-docs HTTP/1.1" 404 286
0:0:0:0:0:0:0:1 - - [21/Mar/2021:15:50:59 -0400] "GET /swagger-ui.html HTTP/1.1" 302 -
0:0:0:0:0:0:0:1 - - [21/Mar/2021:15:50:59 -0400] "GET /swagger-ui/index.html?configUrl=/v3/api-docs/swagger-config HTTP/1.1" 200 1456
0:0:0:0:0:0:0:1 - - [21/Mar/2021:15:50:59 -0400] "GET /swagger-ui/swagger-ui.css HTTP/1.1" 200 143074
0:0:0:0:0:0:0:1 - - [21/Mar/2021:15:50:59 -0400] "GET /swagger-ui/swagger-ui-standalone-preset.js HTTP/1.1" 200 329800
0:0:0:0:0:0:0:1 - - [21/Mar/2021:15:51:00 -0400] "GET /swagger-ui/swagger-ui-bundle.js HTTP/1.1" 200 1051072
0:0:0:0:0:0:0:1 - - [21/Mar/2021:15:51:00 -0400] "GET /swagger-ui/favicon-32x32.png HTTP/1.1" 200 628
0:0:0:0:0:0:0:1 - - [21/Mar/2021:15:51:00 -0400] "GET /v3/api-docs/swagger-config HTTP/1.1" 200 169
0:0:0:0:0:0:0:1 - - [21/Mar/2021:15:51:00 -0400] "GET /v3/api-docs HTTP/1.1" 200 812
0:0:0:0:0:0:0:1 - - [21/Mar/2021:15:55:18 -0400] "GET /swagger-ui/index.html?configUrl=/v3/api-docs/swagger-config HTTP/1.1" 304 -
0:0:0:0:0:0:0:1 - - [21/Mar/2021:15:55:18 -0400] "GET /swagger-ui/swagger-ui.css HTTP/1.1" 304 -
0:0:0:0:0:0:0:1 - - [21/Mar/2021:15:55:18 -0400] "GET /swagger-ui/swagger-ui-bundle.js HTTP/1.1" 304 -
0:0:0:0:0:0:0:1 - - [21/Mar/2021:15:55:18 -0400] "GET /swagger-ui/swagger-ui-standalone-preset.js HTTP/1.1" 304 -
0:0:0:0:0:0:0:1 - - [21/Mar/2021:15:55:18 -0400] "GET /swagger-ui/favicon-32x32.png HTTP/1.1" 200 628
0:0:0:0:0:0:0:1 - - [21/Mar/2021:15:55:18 -0400] "GET /v3/api-docs/swagger-config HTTP/1.1" 200 169
0:0:0:0:0:0:0:1 - - [21/Mar/2021:15:55:18 -0400] "GET /v3/api-docs HTTP/1.1" 200 973
0:0:0:0:0:0:0:1 - - [21/Mar/2021:15:55:32 -0400] "POST /custom HTTP/1.1" 200 6
0:0:0:0:0:0:0:1 - - [21/Mar/2021:16:01:17 -0400] "GET /v3/api-docs HTTP/1.1" 200 973
0:0:0:0:0:0:0:1 - - [21/Mar/2021:16:03:26 -0400] "GET /v3/swagger-ui/html HTTP/1.1" 404 286
0:0:0:0:0:0:0:1 - - [21/Mar/2021:16:03:32 -0400] "GET /swagger-ui/html HTTP/1.1" 404 286
0:0:0:0:0:0:0:1 - - [21/Mar/2021:16:03:57 -0400] "GET /swagger-ui.html HTTP/1.1" 302 -
0:0:0:0:0:0:0:1 - - [21/Mar/2021:16:03:57 -0400] "GET /swagger-ui/index.html?configUrl=/v3/api-docs/swagger-config HTTP/1.1" 304 -
0:0:0:0:0:0:0:1 - - [21/Mar/2021:16:03:57 -0400] "GET /swagger-ui/swagger-ui.css HTTP/1.1" 304 -
0:0:0:0:0:0:0:1 - - [21/Mar/2021:16:03:57 -0400] "GET /swagger-ui/swagger-ui-standalone-preset.js HTTP/1.1" 304 -
0:0:0:0:0:0:0:1 - - [21/Mar/2021:16:03:57 -0400] "GET /swagger-ui/swagger-ui-bundle.js HTTP/1.1" 304 -
0:0:0:0:0:0:0:1 - - [21/Mar/2021:16:03:57 -0400] "GET /v3/api-docs/swagger-config HTTP/1.1" 200 169
0:0:0:0:0:0:0:1 - - [21/Mar/2021:16:03:57 -0400] "GET /v3/api-docs HTTP/1.1" 200 973
0:0:0:0:0:0:0:1 - - [21/Mar/2021:16:07:39 -0400] "GET /api-docs HTTP/1.1" 200 973
